<?xml version="1.0" encoding="UTF-8"?>
<!-- Generated by org.testng.reporters.JUnitReportReporter -->
<testsuite hostname="Peppo" failures="0" tests="3" name="com.sauce.qa.testscases.LoginPageTest" time="55.074" errors="0" timestamp="2023-10-02T03:20:29 IST" skipped="0">
  <testcase classname="com.sauce.qa.testscases.LoginPageTest" name="loginpgTitleTest" time="28.216"/>
  <testcase classname="com.sauce.qa.testscases.LoginPageTest" name="sauceLogoTest" time="11.498"/>
  <testcase classname="com.sauce.qa.testscases.LoginPageTest" name="loginTest" time="15.360"/>
</testsuite> <!-- com.sauce.qa.testscases.LoginPageTest -->
